<?xml version="1.0" encoding="UTF-8"?>
<testsuite xmlns:xsi="http://www.w3.org/2001/XMLSchema-instance" xsi:noNamespaceSchemaLocation="https://maven.apache.org/surefire/maven-surefire-plugin/xsd/surefire-test-report-3.0.xsd" version="3.0" name="feline.GetFamilyFelineTest" time="0.0" tests="1" errors="0" skipped="0" failures="0">
  <properties>
    <property name="java.specification.version" value="21"/>
    <property name="sun.jnu.encoding" value="UTF-8"/>
    <property name="java.class.path" value="/Users/andreikosmylin/qa_java/target/test-classes:/Users/andreikosmylin/qa_java/target/classes:/Users/andreikosmylin/.m2/repository/junit/junit/4.13.2/junit-4.13.2.jar:/Users/andreikosmylin/.m2/repository/org/hamcrest/hamcrest-core/1.3/hamcrest-core-1.3.jar:/Users/andreikosmylin/.m2/repository/org/mockito/mockito-core/3.12.0/mockito-core-3.12.0.jar:/Users/andreikosmylin/.m2/repository/net/bytebuddy/byte-buddy/1.11.12/byte-buddy-1.11.12.jar:/Users/andreikosmylin/.m2/repository/net/bytebuddy/byte-buddy-agent/1.11.12/byte-buddy-agent-1.11.12.jar:/Users/andreikosmylin/.m2/repository/org/objenesis/objenesis/3.2/objenesis-3.2.jar:/Users/andreikosmylin/.m2/repository/org/apache/maven/plugins/maven-surefire-report-plugin/3.2.5/maven-surefire-report-plugin-3.2.5.jar:/Users/andreikosmylin/.m2/repository/org/apache/maven/surefire/surefire-report-parser/3.2.5/surefire-report-parser-3.2.5.jar:/Users/andreikosmylin/.m2/repository/org/apache/maven/surefire/surefire-logger-api/3.2.5/surefire-logger-api-3.2.5.jar:/Users/andreikosmylin/.m2/repository/org/apache/maven/shared/maven-shared-utils/3.3.4/maven-shared-utils-3.3.4.jar:/Users/andreikosmylin/.m2/repository/commons-io/commons-io/2.6/commons-io-2.6.jar:/Users/andreikosmylin/.m2/repository/org/apache/maven/doxia/doxia-sink-api/1.12.0/doxia-sink-api-1.12.0.jar:/Users/andreikosmylin/.m2/repository/org/apache/maven/doxia/doxia-logging-api/1.12.0/doxia-logging-api-1.12.0.jar:/Users/andreikosmylin/.m2/repository/org/apache/maven/doxia/doxia-core/1.12.0/doxia-core-1.12.0.jar:/Users/andreikosmylin/.m2/repository/org/codehaus/plexus/plexus-utils/3.3.0/plexus-utils-3.3.0.jar:/Users/andreikosmylin/.m2/repository/org/codehaus/plexus/plexus-container-default/2.1.0/plexus-container-default-2.1.0.jar:/Users/andreikosmylin/.m2/repository/org/codehaus/plexus/plexus-classworlds/2.6.0/plexus-classworlds-2.6.0.jar:/Users/andreikosmylin/.m2/repository/org/apache/xbean/xbean-reflect/3.7/xbean-reflect-3.7.jar:/Users/andreikosmylin/.m2/repository/com/google/collections/google-collections/1.0/google-collections-1.0.jar:/Users/andreikosmylin/.m2/repository/org/codehaus/plexus/plexus-component-annotations/2.1.0/plexus-component-annotations-2.1.0.jar:/Users/andreikosmylin/.m2/repository/org/apache/commons/commons-lang3/3.8.1/commons-lang3-3.8.1.jar:/Users/andreikosmylin/.m2/repository/org/apache/commons/commons-text/1.3/commons-text-1.3.jar:/Users/andreikosmylin/.m2/repository/org/apache/httpcomponents/httpclient/4.5.13/httpclient-4.5.13.jar:/Users/andreikosmylin/.m2/repository/commons-logging/commons-logging/1.2/commons-logging-1.2.jar:/Users/andreikosmylin/.m2/repository/commons-codec/commons-codec/1.11/commons-codec-1.11.jar:/Users/andreikosmylin/.m2/repository/org/apache/httpcomponents/httpcore/4.4.14/httpcore-4.4.14.jar:/Users/andreikosmylin/.m2/repository/org/apache/maven/reporting/maven-reporting-api/3.1.1/maven-reporting-api-3.1.1.jar:/Users/andreikosmylin/.m2/repository/org/apache/maven/reporting/maven-reporting-impl/3.2.0/maven-reporting-impl-3.2.0.jar:/Users/andreikosmylin/.m2/repository/org/apache/maven/maven-artifact/3.1.0/maven-artifact-3.1.0.jar:/Users/andreikosmylin/.m2/repository/org/apache/maven/doxia/doxia-decoration-model/1.11.1/doxia-decoration-model-1.11.1.jar:/Users/andreikosmylin/.m2/repository/org/apache/maven/doxia/doxia-integration-tools/1.11.1/doxia-integration-tools-1.11.1.jar:/Users/andreikosmylin/.m2/repository/org/apache/maven/maven-model/2.2.1/maven-model-2.2.1.jar:/Users/andreikosmylin/.m2/repository/org/codehaus/plexus/plexus-i18n/1.0-beta-10/plexus-i18n-1.0-beta-10.jar:/Users/andreikosmylin/.m2/repository/org/codehaus/plexus/plexus-interpolation/1.26/plexus-interpolation-1.26.jar:/Users/andreikosmylin/.m2/repository/org/apache/maven/doxia/doxia-site-renderer/1.11.1/doxia-site-renderer-1.11.1.jar:/Users/andreikosmylin/.m2/repository/org/apache/maven/doxia/doxia-skin-model/1.11.1/doxia-skin-model-1.11.1.jar:/Users/andreikosmylin/.m2/repository/org/apache/maven/doxia/doxia-module-xhtml/1.11.1/doxia-module-xhtml-1.11.1.jar:/Users/andreikosmylin/.m2/repository/org/apache/maven/doxia/doxia-module-xhtml5/1.11.1/doxia-module-xhtml5-1.11.1.jar:/Users/andreikosmylin/.m2/repository/org/codehaus/plexus/plexus-velocity/1.2/plexus-velocity-1.2.jar:/Users/andreikosmylin/.m2/repository/org/apache/velocity/velocity/1.7/velocity-1.7.jar:/Users/andreikosmylin/.m2/repository/commons-lang/commons-lang/2.4/commons-lang-2.4.jar:/Users/andreikosmylin/.m2/repository/org/apache/velocity/velocity-tools/2.0/velocity-tools-2.0.jar:/Users/andreikosmylin/.m2/repository/commons-beanutils/commons-beanutils/1.7.0/commons-beanutils-1.7.0.jar:/Users/andreikosmylin/.m2/repository/commons-digester/commons-digester/1.8/commons-digester-1.8.jar:/Users/andreikosmylin/.m2/repository/commons-chain/commons-chain/1.1/commons-chain-1.1.jar:/Users/andreikosmylin/.m2/repository/dom4j/dom4j/1.1/dom4j-1.1.jar:/Users/andreikosmylin/.m2/repository/oro/oro/2.0.8/oro-2.0.8.jar:/Users/andreikosmylin/.m2/repository/commons-collections/commons-collections/3.2.2/commons-collections-3.2.2.jar:/Users/andreikosmylin/.m2/repository/org/codehaus/plexus/plexus-xml/3.0.0/plexus-xml-3.0.0.jar:"/>
    <property name="java.vm.vendor" value="Oracle Corporation"/>
    <property name="sun.arch.data.model" value="64"/>
    <property name="java.vendor.url" value="https://java.oracle.com/"/>
    <property name="os.name" value="Mac OS X"/>
    <property name="java.vm.specification.version" value="21"/>
    <property name="sun.java.launcher" value="SUN_STANDARD"/>
    <property name="user.country" value="RU"/>
    <property name="sun.boot.library.path" value="/Users/andreikosmylin/Library/Java/JavaVirtualMachines/openjdk-21.0.1/Contents/Home/lib"/>
    <property name="sun.java.command" value="/Users/andreikosmylin/qa_java/target/surefire/surefirebooter-20240710123645793_3.jar /Users/andreikosmylin/qa_java/target/surefire 2024-07-10T12-36-45_740-jvmRun1 surefire-20240710123645793_1tmp surefire_0-20240710123645793_2tmp"/>
    <property name="http.nonProxyHosts" value="local|*.local|169.254/16|*.169.254/16"/>
    <property name="jdk.debug" value="release"/>
    <property name="surefire.test.class.path" value="/Users/andreikosmylin/qa_java/target/test-classes:/Users/andreikosmylin/qa_java/target/classes:/Users/andreikosmylin/.m2/repository/junit/junit/4.13.2/junit-4.13.2.jar:/Users/andreikosmylin/.m2/repository/org/hamcrest/hamcrest-core/1.3/hamcrest-core-1.3.jar:/Users/andreikosmylin/.m2/repository/org/mockito/mockito-core/3.12.0/mockito-core-3.12.0.jar:/Users/andreikosmylin/.m2/repository/net/bytebuddy/byte-buddy/1.11.12/byte-buddy-1.11.12.jar:/Users/andreikosmylin/.m2/repository/net/bytebuddy/byte-buddy-agent/1.11.12/byte-buddy-agent-1.11.12.jar:/Users/andreikosmylin/.m2/repository/org/objenesis/objenesis/3.2/objenesis-3.2.jar:/Users/andreikosmylin/.m2/repository/org/apache/maven/plugins/maven-surefire-report-plugin/3.2.5/maven-surefire-report-plugin-3.2.5.jar:/Users/andreikosmylin/.m2/repository/org/apache/maven/surefire/surefire-report-parser/3.2.5/surefire-report-parser-3.2.5.jar:/Users/andreikosmylin/.m2/repository/org/apache/maven/surefire/surefire-logger-api/3.2.5/surefire-logger-api-3.2.5.jar:/Users/andreikosmylin/.m2/repository/org/apache/maven/shared/maven-shared-utils/3.3.4/maven-shared-utils-3.3.4.jar:/Users/andreikosmylin/.m2/repository/commons-io/commons-io/2.6/commons-io-2.6.jar:/Users/andreikosmylin/.m2/repository/org/apache/maven/doxia/doxia-sink-api/1.12.0/doxia-sink-api-1.12.0.jar:/Users/andreikosmylin/.m2/repository/org/apache/maven/doxia/doxia-logging-api/1.12.0/doxia-logging-api-1.12.0.jar:/Users/andreikosmylin/.m2/repository/org/apache/maven/doxia/doxia-core/1.12.0/doxia-core-1.12.0.jar:/Users/andreikosmylin/.m2/repository/org/codehaus/plexus/plexus-utils/3.3.0/plexus-utils-3.3.0.jar:/Users/andreikosmylin/.m2/repository/org/codehaus/plexus/plexus-container-default/2.1.0/plexus-container-default-2.1.0.jar:/Users/andreikosmylin/.m2/repository/org/codehaus/plexus/plexus-classworlds/2.6.0/plexus-classworlds-2.6.0.jar:/Users/andreikosmylin/.m2/repository/org/apache/xbean/xbean-reflect/3.7/xbean-reflect-3.7.jar:/Users/andreikosmylin/.m2/repository/com/google/collections/google-collections/1.0/google-collections-1.0.jar:/Users/andreikosmylin/.m2/repository/org/codehaus/plexus/plexus-component-annotations/2.1.0/plexus-component-annotations-2.1.0.jar:/Users/andreikosmylin/.m2/repository/org/apache/commons/commons-lang3/3.8.1/commons-lang3-3.8.1.jar:/Users/andreikosmylin/.m2/repository/org/apache/commons/commons-text/1.3/commons-text-1.3.jar:/Users/andreikosmylin/.m2/repository/org/apache/httpcomponents/httpclient/4.5.13/httpclient-4.5.13.jar:/Users/andreikosmylin/.m2/repository/commons-logging/commons-logging/1.2/commons-logging-1.2.jar:/Users/andreikosmylin/.m2/repository/commons-codec/commons-codec/1.11/commons-codec-1.11.jar:/Users/andreikosmylin/.m2/repository/org/apache/httpcomponents/httpcore/4.4.14/httpcore-4.4.14.jar:/Users/andreikosmylin/.m2/repository/org/apache/maven/reporting/maven-reporting-api/3.1.1/maven-reporting-api-3.1.1.jar:/Users/andreikosmylin/.m2/repository/org/apache/maven/reporting/maven-reporting-impl/3.2.0/maven-reporting-impl-3.2.0.jar:/Users/andreikosmylin/.m2/repository/org/apache/maven/maven-artifact/3.1.0/maven-artifact-3.1.0.jar:/Users/andreikosmylin/.m2/repository/org/apache/maven/doxia/doxia-decoration-model/1.11.1/doxia-decoration-model-1.11.1.jar:/Users/andreikosmylin/.m2/repository/org/apache/maven/doxia/doxia-integration-tools/1.11.1/doxia-integration-tools-1.11.1.jar:/Users/andreikosmylin/.m2/repository/org/apache/maven/maven-model/2.2.1/maven-model-2.2.1.jar:/Users/andreikosmylin/.m2/repository/org/codehaus/plexus/plexus-i18n/1.0-beta-10/plexus-i18n-1.0-beta-10.jar:/Users/andreikosmylin/.m2/repository/org/codehaus/plexus/plexus-interpolation/1.26/plexus-interpolation-1.26.jar:/Users/andreikosmylin/.m2/repository/org/apache/maven/doxia/doxia-site-renderer/1.11.1/doxia-site-renderer-1.11.1.jar:/Users/andreikosmylin/.m2/repository/org/apache/maven/doxia/doxia-skin-model/1.11.1/doxia-skin-model-1.11.1.jar:/Users/andreikosmylin/.m2/repository/org/apache/maven/doxia/doxia-module-xhtml/1.11.1/doxia-module-xhtml-1.11.1.jar:/Users/andreikosmylin/.m2/repository/org/apache/maven/doxia/doxia-module-xhtml5/1.11.1/doxia-module-xhtml5-1.11.1.jar:/Users/andreikosmylin/.m2/repository/org/codehaus/plexus/plexus-velocity/1.2/plexus-velocity-1.2.jar:/Users/andreikosmylin/.m2/repository/org/apache/velocity/velocity/1.7/velocity-1.7.jar:/Users/andreikosmylin/.m2/repository/commons-lang/commons-lang/2.4/commons-lang-2.4.jar:/Users/andreikosmylin/.m2/repository/org/apache/velocity/velocity-tools/2.0/velocity-tools-2.0.jar:/Users/andreikosmylin/.m2/repository/commons-beanutils/commons-beanutils/1.7.0/commons-beanutils-1.7.0.jar:/Users/andreikosmylin/.m2/repository/commons-digester/commons-digester/1.8/commons-digester-1.8.jar:/Users/andreikosmylin/.m2/repository/commons-chain/commons-chain/1.1/commons-chain-1.1.jar:/Users/andreikosmylin/.m2/repository/dom4j/dom4j/1.1/dom4j-1.1.jar:/Users/andreikosmylin/.m2/repository/oro/oro/2.0.8/oro-2.0.8.jar:/Users/andreikosmylin/.m2/repository/commons-collections/commons-collections/3.2.2/commons-collections-3.2.2.jar:/Users/andreikosmylin/.m2/repository/org/codehaus/plexus/plexus-xml/3.0.0/plexus-xml-3.0.0.jar:"/>
    <property name="sun.cpu.endian" value="little"/>
    <property name="user.home" value="/Users/andreikosmylin"/>
    <property name="user.language" value="ru"/>
    <property name="java.specification.vendor" value="Oracle Corporation"/>
    <property name="java.version.date" value="2023-10-17"/>
    <property name="java.home" value="/Users/andreikosmylin/Library/Java/JavaVirtualMachines/openjdk-21.0.1/Contents/Home"/>
    <property name="file.separator" value="/"/>
    <property name="basedir" value="/Users/andreikosmylin/qa_java"/>
    <property name="java.vm.compressedOopsMode" value="Zero based"/>
    <property name="line.separator" value="&#10;"/>
    <property name="java.vm.specification.vendor" value="Oracle Corporation"/>
    <property name="java.specification.name" value="Java Platform API Specification"/>
    <property name="apple.awt.application.name" value="ForkedBooter"/>
    <property name="surefire.real.class.path" value="/Users/andreikosmylin/qa_java/target/surefire/surefirebooter-20240710123645793_3.jar"/>
    <property name="sun.management.compiler" value="HotSpot 64-Bit Tiered Compilers"/>
    <property name="ftp.nonProxyHosts" value="local|*.local|169.254/16|*.169.254/16"/>
    <property name="java.runtime.version" value="21.0.1+12-29"/>
    <property name="user.name" value="andreikosmylin"/>
    <property name="stdout.encoding" value="UTF-8"/>
    <property name="path.separator" value=":"/>
    <property name="os.version" value="14.5"/>
    <property name="java.runtime.name" value="OpenJDK Runtime Environment"/>
    <property name="file.encoding" value="UTF-8"/>
    <property name="java.vm.name" value="OpenJDK 64-Bit Server VM"/>
    <property name="localRepository" value="/Users/andreikosmylin/.m2/repository"/>
    <property name="java.vendor.url.bug" value="https://bugreport.java.com/bugreport/"/>
    <property name="java.io.tmpdir" value="/var/folders/ts/_y5sfbvn5v18pmgbs4j4htj80000gn/T/"/>
    <property name="idea.version" value="2023.3.6"/>
    <property name="java.version" value="21.0.1"/>
    <property name="user.dir" value="/Users/andreikosmylin/qa_java"/>
    <property name="os.arch" value="aarch64"/>
    <property name="java.vm.specification.name" value="Java Virtual Machine Specification"/>
    <property name="native.encoding" value="UTF-8"/>
    <property name="java.library.path" value="/Users/andreikosmylin/Library/Java/Extensions:/Library/Java/Extensions:/Network/Library/Java/Extensions:/System/Library/Java/Extensions:/usr/lib/java:."/>
    <property name="java.vm.info" value="mixed mode, sharing"/>
    <property name="stderr.encoding" value="UTF-8"/>
    <property name="java.vendor" value="Oracle Corporation"/>
    <property name="java.vm.version" value="21.0.1+12-29"/>
    <property name="sun.io.unicode.encoding" value="UnicodeBig"/>
    <property name="socksNonProxyHosts" value="local|*.local|169.254/16|*.169.254/16"/>
    <property name="java.class.version" value="65.0"/>
  </properties>
  <testcase name="getFamilyReturnsFelineString" classname="feline.GetFamilyFelineTest" time="0.0"/>
</testsuite>